{
  "RSpec": {
    "coverage": {
      "/Users/neilkoul/Projects/flypoll/app/helpers/account_activations_helper.rb": [
        1,
        null
      ],
      "/Users/neilkoul/Projects/flypoll/app/helpers/application_helper.rb": [
        1,
        1,
        0,
        0,
        0,
        0,
        null,
        null,
        null
      ],
      "/Users/neilkoul/Projects/flypoll/app/helpers/categories_helper.rb": [
        1,
        null
      ],
      "/Users/neilkoul/Projects/flypoll/app/helpers/logins_helper.rb": [
        1,
        null
      ],
      "/Users/neilkoul/Projects/flypoll/app/helpers/password_resets_helper.rb": [
        1,
        null
      ],
      "/Users/neilkoul/Projects/flypoll/app/helpers/sessions_helper.rb": [
        1,
        1,
        1,
        null,
        null,
        1,
        44,
        null,
        null,
        1,
        25,
        null,
        null,
        1,
        0,
        0,
        null,
        null
      ],
      "/Users/neilkoul/Projects/flypoll/app/helpers/statuses_helper.rb": [
        1,
        null
      ],
      "/Users/neilkoul/Projects/flypoll/app/helpers/submissions_helper.rb": [
        1,
        null
      ],
      "/Users/neilkoul/Projects/flypoll/app/helpers/vote_helper.rb": [
        1,
        1,
        7,
        7,
        7,
        7,
        null,
        null
      ],
      "/Users/neilkoul/Projects/flypoll/app/controllers/account_activations_controller.rb": [
        1,
        1,
        0,
        0,
        0,
        0,
        null,
        0,
        null,
        0,
        null,
        null
      ],
      "/Users/neilkoul/Projects/flypoll/app/controllers/application_controller.rb": [
        1,
        null,
        null,
        1,
        1,
        null
      ],
      "/Users/neilkoul/Projects/flypoll/spec/controllers/categories_controller_spec.rb": [
        1,
        null,
        1,
        null
      ],
      "/Users/neilkoul/Projects/flypoll/app/controllers/categories_controller.rb": [
        1,
        1,
        null,
        1,
        null,
        1,
        null,
        1,
        0,
        null,
        null
      ],
      "/Users/neilkoul/Projects/flypoll/spec/controllers/logins_controller_spec.rb": [
        1,
        null,
        1,
        1,
        1,
        1,
        null,
        null
      ],
      "/Users/neilkoul/Projects/flypoll/app/controllers/logins_controller.rb": [
        1,
        1,
        1,
        null,
        null,
        1,
        0,
        0,
        0,
        null,
        null,
        1,
        null,
        1,
        0,
        0,
        null,
        null,
        1,
        0,
        0,
        0,
        0,
        0,
        null,
        0,
        0,
        null,
        null,
        null,
        1,
        0,
        null,
        null
      ],
      "/Users/neilkoul/Projects/flypoll/spec/controllers/password_resets_controller_spec.rb": [
        1,
        null,
        1,
        1,
        1,
        5,
        null,
        null,
        null,
        null,
        5,
        5,
        null,
        null,
        1,
        1,
        1,
        1,
        null,
        null,
        null,
        1,
        1,
        1,
        1,
        null,
        null,
        1,
        1,
        1,
        null,
        null,
        null,
        1,
        null,
        null,
        null,
        null,
        null,
        null,
        null,
        null,
        null,
        null,
        null,
        1,
        null,
        null,
        null
      ],
      "/Users/neilkoul/Projects/flypoll/app/controllers/password_resets_controller.rb": [
        1,
        1,
        1,
        1,
        1,
        null,
        1,
        null,
        1,
        null,
        1,
        2,
        2,
        1,
        1,
        1,
        1,
        null,
        1,
        1,
        null,
        null,
        null,
        1,
        0,
        0,
        0,
        0,
        0,
        0,
        0,
        null,
        0,
        null,
        null,
        null,
        1,
        null,
        1,
        0,
        0,
        0,
        null,
        null,
        1,
        0,
        null,
        null,
        null,
        1,
        0,
        null,
        null,
        null,
        1,
        0,
        0,
        null,
        0,
        null,
        null,
        1,
        0,
        0,
        0,
        null,
        null
      ],
      "/Users/neilkoul/Projects/flypoll/spec/controllers/sessions_controller_spec.rb": [
        1,
        null,
        1,
        1,
        1,
        4,
        null,
        null,
        1,
        1,
        1,
        1,
        null,
        null,
        1,
        1,
        1,
        null,
        null,
        1,
        1,
        1,
        null,
        null,
        1,
        1,
        1,
        null,
        null,
        null
      ],
      "/Users/neilkoul/Projects/flypoll/app/controllers/sessions_controller.rb": [
        1,
        1,
        1,
        0,
        null,
        null,
        null,
        1,
        3,
        3,
        1,
        1,
        null,
        null,
        null,
        1,
        0,
        0,
        null,
        null,
        1,
        3,
        3,
        2,
        1,
        0,
        null,
        3,
        2,
        2,
        2,
        null,
        null
      ],
      "/Users/neilkoul/Projects/flypoll/spec/controllers/statuses_controller_spec.rb": [
        1,
        null,
        1,
        null
      ],
      "/Users/neilkoul/Projects/flypoll/app/controllers/statuses_controller.rb": [
        1,
        1,
        1,
        null,
        1,
        null,
        1,
        0,
        null,
        null
      ],
      "/Users/neilkoul/Projects/flypoll/spec/controllers/submissions_controller_spec.rb": [
        1,
        null,
        1,
        1,
        1,
        13,
        13,
        13,
        null,
        null,
        1,
        1,
        1,
        1,
        null,
        null,
        null,
        1,
        1,
        1,
        null,
        null,
        1,
        1,
        1,
        1,
        null,
        null,
        null,
        1,
        1,
        1,
        1,
        1,
        null,
        null,
        1,
        1,
        1,
        1,
        null,
        null,
        null,
        1,
        1,
        1,
        1,
        null,
        null,
        null,
        1,
        1,
        1,
        1,
        null,
        1,
        1,
        1,
        1,
        null,
        null,
        null,
        1,
        1,
        1,
        null,
        null,
        null,
        null,
        null,
        null,
        1,
        null,
        1,
        null,
        1,
        null,
        null,
        null,
        null,
        null,
        null,
        1,
        null,
        null,
        null,
        1,
        1,
        1,
        1,
        null,
        null,
        null,
        null,
        null,
        1,
        1,
        null,
        null,
        1,
        1,
        1,
        1,
        null,
        null,
        null,
        null,
        null,
        1,
        1,
        null,
        null,
        null,
        1,
        1,
        1,
        1,
        null,
        null,
        1,
        1,
        1,
        1,
        1,
        null,
        null,
        null
      ],
      "/Users/neilkoul/Projects/flypoll/app/controllers/submissions_controller.rb": [
        1,
        1,
        1,
        null,
        1,
        14,
        6,
        null,
        null,
        1,
        1,
        null,
        null,
        1,
        null,
        1,
        1,
        null,
        null,
        1,
        null,
        1,
        2,
        2,
        2,
        1,
        1,
        1,
        null,
        1,
        null,
        null,
        1,
        1,
        1,
        1,
        null,
        0,
        0,
        null,
        null,
        null,
        1,
        1,
        1,
        null,
        null,
        1,
        null,
        1,
        3,
        3,
        null,
        null,
        null,
        1,
        7,
        null,
        null,
        1,
        1,
        null,
        null,
        null,
        null,
        null
      ],
      "/Users/neilkoul/Projects/flypoll/spec/controllers/vote_controller_spec.rb": [
        1,
        null,
        1,
        null
      ],
      "/Users/neilkoul/Projects/flypoll/app/controllers/votes_controller.rb": [
        1,
        1,
        0,
        0,
        0,
        0,
        null,
        0,
        null,
        null,
        1,
        null,
        1,
        0,
        null,
        null,
        null,
        null,
        null,
        null,
        1,
        0,
        0,
        0,
        0,
        null,
        0,
        null,
        0,
        null,
        null,
        1,
        0,
        null,
        null,
        1,
        0,
        0,
        null,
        null
      ],
      "/Users/neilkoul/Projects/flypoll/spec/helpers/account_activations_helper_spec.rb": [
        1,
        null,
        null,
        null,
        null,
        null,
        null,
        null,
        null,
        null,
        null,
        null,
        1,
        2,
        1,
        1,
        1,
        null,
        null
      ],
      "/Users/neilkoul/Projects/flypoll/spec/helpers/categories_helper_spec.rb": [
        1,
        null,
        null,
        null,
        null,
        null,
        null,
        null,
        null,
        null,
        null,
        null
      ],
      "/Users/neilkoul/Projects/flypoll/spec/helpers/logins_helper_spec.rb": [
        1,
        null,
        null,
        null,
        null,
        null,
        null,
        null,
        null,
        null,
        null,
        null,
        1,
        null
      ],
      "/Users/neilkoul/Projects/flypoll/spec/helpers/sessions_helper_spec.rb": [
        1,
        null,
        null,
        null,
        null,
        null,
        null,
        null,
        null,
        null,
        null,
        null,
        1,
        null
      ],
      "/Users/neilkoul/Projects/flypoll/spec/helpers/submissions_helper_spec.rb": [
        1,
        null,
        null,
        null,
        null,
        null,
        null,
        null,
        null,
        null,
        null,
        null,
        1,
        null
      ],
      "/Users/neilkoul/Projects/flypoll/spec/helpers/vote_helper_spec.rb": [
        1,
        null,
        null,
        null,
        null,
        null,
        null,
        null,
        null,
        null,
        null,
        null,
        1,
        null
      ],
      "/Users/neilkoul/Projects/flypoll/spec/mailers/user_mailer_spec.rb": [
        1,
        null,
        1,
        1,
        3,
        3,
        null,
        1,
        1,
        1,
        1,
        1,
        null,
        null,
        1,
        1,
        1,
        null,
        null,
        null,
        null,
        null,
        null,
        null,
        null,
        null,
        null,
        null,
        null,
        null,
        null,
        null,
        null,
        null,
        null
      ],
      "/Users/neilkoul/Projects/flypoll/app/mailers/user_mailer.rb": [
        1,
        null,
        null,
        null,
        null,
        null,
        1,
        2,
        2,
        null,
        null,
        null,
        null,
        null,
        null,
        null,
        null,
        null,
        1,
        1,
        1,
        null,
        null
      ],
      "/Users/neilkoul/Projects/flypoll/app/mailers/application_mailer.rb": [
        1,
        1,
        1,
        null
      ],
      "/Users/neilkoul/Projects/flypoll/spec/models/category_spec.rb": [
        1,
        null,
        1,
        1,
        1,
        1,
        1,
        null,
        null,
        1,
        1,
        1,
        null,
        null,
        1,
        1,
        1,
        1,
        1,
        1,
        1,
        1,
        null,
        1,
        1,
        1,
        null,
        null
      ],
      "/Users/neilkoul/Projects/flypoll/app/models/category.rb": [
        1,
        1,
        1,
        null
      ],
      "/Users/neilkoul/Projects/flypoll/spec/models/status_spec.rb": [
        1,
        null,
        1,
        1,
        1,
        1,
        1,
        null,
        null,
        1,
        1,
        1,
        null,
        null
      ],
      "/Users/neilkoul/Projects/flypoll/app/models/status.rb": [
        1,
        1,
        1,
        null
      ],
      "/Users/neilkoul/Projects/flypoll/spec/models/submission_spec.rb": [
        1,
        null,
        1,
        null,
        null
      ],
      "/Users/neilkoul/Projects/flypoll/app/models/submission.rb": [
        1,
        1,
        1,
        1,
        1,
        1,
        1,
        1,
        null,
        1,
        1,
        1,
        null
      ],
      "/Users/neilkoul/Projects/flypoll/spec/models/user_spec.rb": [
        1,
        null,
        1,
        8,
        null,
        1,
        1,
        null,
        null,
        1,
        1,
        1,
        null,
        null,
        1,
        1,
        1,
        null,
        null,
        1,
        1,
        1,
        null,
        null,
        1,
        1,
        1,
        null,
        null,
        1,
        1,
        1,
        1,
        null,
        null,
        1,
        1,
        1,
        1,
        null,
        null
      ],
      "/Users/neilkoul/Projects/flypoll/app/models/user.rb": [
        1,
        1,
        1,
        1,
        1,
        1,
        1,
        null,
        1,
        null,
        1,
        1,
        1,
        null,
        1,
        76,
        76,
        null,
        null,
        null,
        1,
        0,
        null,
        null,
        null,
        1,
        0,
        0,
        null,
        0,
        null,
        0,
        0,
        null,
        0,
        null,
        null,
        null,
        null,
        1,
        4,
        null,
        null,
        null,
        null,
        null,
        1,
        5,
        null,
        null,
        1,
        1,
        null,
        null,
        null,
        1,
        1,
        1,
        1,
        null,
        null,
        null,
        1,
        2,
        2,
        null,
        null,
        null,
        null,
        1,
        1,
        1,
        1,
        null,
        null,
        1,
        1,
        null,
        null,
        1,
        67,
        67,
        null,
        null,
        null,
        null,
        1,
        0,
        null,
        null,
        1,
        0,
        0,
        null,
        null,
        null,
        1,
        67,
        67,
        null,
        67,
        67,
        null,
        null,
        null
      ],
      "/Users/neilkoul/Projects/flypoll/spec/models/vote_spec.rb": [
        1,
        null,
        1,
        1,
        5,
        5,
        5,
        null,
        null,
        1,
        1,
        1,
        1,
        null,
        null,
        1,
        1,
        1,
        null,
        null,
        1,
        1,
        1,
        null,
        null,
        1,
        1,
        1,
        1,
        1,
        1,
        1,
        1,
        1,
        null,
        1,
        1,
        null,
        null,
        1,
        1,
        1,
        1,
        1,
        1,
        1,
        1,
        1,
        1,
        1,
        1,
        null,
        null
      ],
      "/Users/neilkoul/Projects/flypoll/app/models/vote.rb": [
        1,
        1,
        1,
        null,
        1,
        1,
        1,
        null,
        1,
        null,
        1,
        5,
        null,
        null
      ],
      "/Users/neilkoul/Projects/flypoll/spec/requests/submissions_spec.rb": [
        1,
        null,
        1,
        1,
        1,
        1,
        1,
        null,
        null,
        null
      ],
      "/Users/neilkoul/Projects/flypoll/spec/requests/users_logins_spec.rb": [
        1,
        null,
        1,
        1,
        null,
        null
      ],
      "/Users/neilkoul/Projects/flypoll/spec/routing/submissions_routing_spec.rb": [
        1,
        null,
        1,
        1,
        1,
        1,
        null,
        null,
        1,
        1,
        null,
        null,
        1,
        1,
        null,
        null,
        1,
        1,
        null,
        null,
        1,
        1,
        null,
        null,
        1,
        1,
        null,
        null,
        1,
        1,
        null,
        null,
        1,
        1,
        null,
        null,
        null
      ],
      "/Users/neilkoul/Projects/flypoll/spec/views/logins/new.html.erb_spec.rb": [
        1,
        null,
        1,
        null,
        null,
        null,
        null,
        null
      ],
      "/Users/neilkoul/Projects/flypoll/spec/views/submissions/edit.html.erb_spec.rb": [
        1,
        null,
        1,
        1,
        1,
        null,
        null,
        1,
        1,
        null,
        1,
        null,
        null,
        null
      ],
      "/Users/neilkoul/Projects/flypoll/spec/views/submissions/index.html.erb_spec.rb": [
        1,
        null,
        1,
        1,
        1,
        1,
        null,
        1,
        1,
        1,
        1,
        null,
        null,
        1,
        1,
        null,
        null
      ],
      "/Users/neilkoul/Projects/flypoll/spec/views/submissions/new.html.erb_spec.rb": [
        1,
        null,
        1,
        1,
        1,
        1,
        1,
        null,
        null,
        1,
        1,
        null,
        1,
        null,
        null,
        null
      ],
      "/Users/neilkoul/Projects/flypoll/spec/views/submissions/show.html.erb_spec.rb": [
        1,
        null,
        1,
        1,
        1,
        1,
        1,
        null,
        null,
        null,
        1,
        1,
        1,
        1,
        1,
        null,
        null,
        1,
        1,
        null,
        null
      ],
      "/Users/neilkoul/Projects/flypoll/app/models/comment.rb": [
        1,
        1,
        1,
        1,
        1,
        1,
        1,
        1,
        null,
        1,
        1,
        1,
        null
      ]
    },
    "timestamp": 1532970879
  }
}
